<?xml version="1.0" encoding="UTF-8"?>
<testng-results ignored="0" total="7" passed="7" failed="0" skipped="0">
  <reporter-output>
  </reporter-output>
  <suite started-at="2023-06-26T10:58:38 IST" name="Default suite" finished-at="2023-06-26T11:00:28 IST" duration-ms="109793">
    <groups>
    </groups>
    <test started-at="2023-06-26T10:58:38 IST" name="Default test" finished-at="2023-06-26T11:00:28 IST" duration-ms="109793">
      <class name="ExelWash_Pages.Exelwash_All_Pages">
        <test-method signature="Sign_up_page_Functionality()[pri:0, instance:ExelWash_Pages.Exelwash_All_Pages@6d367020]" started-at="2023-06-26T10:58:38 IST" name="Sign_up_page_Functionality" finished-at="2023-06-26T10:58:50 IST" duration-ms="11960" status="PASS">
          <reporter-output>
          </reporter-output>
        </test-method> <!-- Sign_up_page_Functionality -->
        <test-method signature="login_page_Functionality()[pri:1, instance:ExelWash_Pages.Exelwash_All_Pages@6d367020]" started-at="2023-06-26T10:58:50 IST" name="login_page_Functionality" finished-at="2023-06-26T10:58:55 IST" duration-ms="4797" status="PASS">
          <reporter-output>
          </reporter-output>
        </test-method> <!-- login_page_Functionality -->
        <test-method signature="Services_Functionality()[pri:2, instance:ExelWash_Pages.Exelwash_All_Pages@6d367020]" started-at="2023-06-26T10:58:55 IST" name="Services_Functionality" finished-at="2023-06-26T10:59:25 IST" duration-ms="29774" status="PASS">
          <reporter-output>
          </reporter-output>
        </test-method> <!-- Services_Functionality -->
      </class> <!-- ExelWash_Pages.Exelwash_All_Pages -->
      <class name="Exelwash_Test_Methods.ExelWash_Operations">
        <test-method signature="enter_user_SignUp_Details()[pri:0, instance:Exelwash_Test_Methods.ExelWash_Operations@4ebadd3d]" started-at="2023-06-26T10:59:25 IST" name="enter_user_SignUp_Details" finished-at="2023-06-26T10:59:36 IST" duration-ms="11543" status="PASS">
          <reporter-output>
          </reporter-output>
        </test-method> <!-- enter_user_SignUp_Details -->
        <test-method signature="enter_user_Login_Details()[pri:2, instance:Exelwash_Test_Methods.ExelWash_Operations@4ebadd3d]" started-at="2023-06-26T10:59:36 IST" name="enter_user_Login_Details" finished-at="2023-06-26T10:59:48 IST" duration-ms="11626" status="PASS">
          <reporter-output>
          </reporter-output>
        </test-method> <!-- enter_user_Login_Details -->
        <test-method signature="click_On_Services()[pri:3, instance:Exelwash_Test_Methods.ExelWash_Operations@4ebadd3d]" started-at="2023-06-26T10:59:48 IST" name="click_On_Services" finished-at="2023-06-26T11:00:07 IST" duration-ms="19370" status="PASS">
          <reporter-output>
          </reporter-output>
        </test-method> <!-- click_On_Services -->
        <test-method signature="chacking_Home_Page_Functionality()[pri:4, instance:Exelwash_Test_Methods.ExelWash_Operations@4ebadd3d]" started-at="2023-06-26T11:00:07 IST" name="chacking_Home_Page_Functionality" finished-at="2023-06-26T11:00:28 IST" duration-ms="20562" status="PASS">
          <reporter-output>
          </reporter-output>
        </test-method> <!-- chacking_Home_Page_Functionality -->
      </class> <!-- Exelwash_Test_Methods.ExelWash_Operations -->
    </test> <!-- Default test -->
  </suite> <!-- Default suite -->
</testng-results>
