<?xml version="1.0" encoding="UTF-8"?>
<!-- Generated by org.testng.reporters.JUnitXMLReporter -->
<testsuite ignored="0" hostname="DESKTOP-A7EP9U0" failures="0" tests="7" name="Default test" time="109.793" errors="0" timestamp="2023-06-26T11:00:28 IST">
  <testcase classname="ExelWash_Pages.Exelwash_All_Pages" name="Sign_up_page_Functionality" time="11.96"/>
  <testcase classname="ExelWash_Pages.Exelwash_All_Pages" name="login_page_Functionality" time="4.797"/>
  <testcase classname="ExelWash_Pages.Exelwash_All_Pages" name="Services_Functionality" time="29.774"/>
  <testcase classname="Exelwash_Test_Methods.ExelWash_Operations" name="enter_user_SignUp_Details" time="11.543"/>
  <testcase classname="Exelwash_Test_Methods.ExelWash_Operations" name="enter_user_Login_Details" time="11.626"/>
  <testcase classname="Exelwash_Test_Methods.ExelWash_Operations" name="click_On_Services" time="19.37"/>
  <testcase classname="Exelwash_Test_Methods.ExelWash_Operations" name="chacking_Home_Page_Functionality" time="20.562"/>
</testsuite> <!-- Default test -->
